<?xml version="1.0" encoding="UTF-8"?>
<testsuite xmlns:xsi="http://www.w3.org/2001/XMLSchema-instance" xsi:noNamespaceSchemaLocation="https://maven.apache.org/surefire/maven-surefire-plugin/xsd/surefire-test-report-3.0.xsd" version="3.0" name="com.example.courserecommender.integration.AuthorControllerIntegrationTest" time="16.818" tests="11" errors="0" skipped="0" failures="0">
  <properties>
[...]
</properties>
  <testcase name="testGetAuthorByEmail_whenExists_returnsOk" classname="com.example.courserecommender.integration.AuthorControllerIntegrationTest" time="1.634">
    <system-out><![CDATA[00:06:29.368 [main] INFO org.springframework.test.context.support.AnnotationConfigContextLoaderUtils -- Could not detect default configuration classes for test class [com.example.courserecommender.integration.AuthorControllerIntegrationTest]: AuthorControllerIntegrationTest does not declare any static, non-private, non-final, nested classes annotated with @Configuration.
00:06:29.608 [main] INFO org.springframework.boot.test.context.SpringBootTestContextBootstrapper -- Found @SpringBootConfiguration com.example.courserecommender.CourseRecommenderApplication for test class com.example.courserecommender.integration.AuthorControllerIntegrationTest

  .   ____          _            __ _ _
 /\\ / ___'_ __ _ _(_)_ __  __ _ \ \ \ \
( ( )\___ | '_ | '_| | '_ \/ _` | \ \ \ \
 \\/  ___)| |_)| | | | | || (_| |  ) ) ) )
  '  |____| .__|_| |_|_| |_\__, | / / / /
 =========|_|==============|___/=/_/_/_/
 :: Spring Boot ::                (v3.2.5)

2025-07-06T00:06:30.370+03:00  INFO 14312 --- [           main] c.e.c.i.AuthorControllerIntegrationTest  : Starting AuthorControllerIntegrationTest using Java 21.0.7 with PID 14312 (started by azahra in C:\Users\azahra\Documents\Talent Program\Backend\spring task\course-recommender-parent\course-recommender-app)
2025-07-06T00:06:30.386+03:00  INFO 14312 --- [           main] c.e.c.i.AuthorControllerIntegrationTest  : The following 1 profile is active: "test"
2025-07-06T00:06:31.762+03:00  INFO 14312 --- [           main] .s.d.r.c.RepositoryConfigurationDelegate : Bootstrapping Spring Data JPA repositories in DEFAULT mode.
2025-07-06T00:06:31.941+03:00  INFO 14312 --- [           main] .s.d.r.c.RepositoryConfigurationDelegate : Finished Spring Data repository scanning in 146 ms. Found 3 JPA repository interfaces.
2025-07-06T00:06:33.764+03:00  INFO 14312 --- [           main] o.hibernate.jpa.internal.util.LogHelper  : HHH000204: Processing PersistenceUnitInfo [name: default]
2025-07-06T00:06:34.043+03:00  INFO 14312 --- [           main] org.hibernate.Version                    : HHH000412: Hibernate ORM core version 6.4.4.Final
2025-07-06T00:06:34.267+03:00  INFO 14312 --- [           main] o.h.c.internal.RegionFactoryInitiator    : HHH000026: Second-level cache disabled
2025-07-06T00:06:35.314+03:00  INFO 14312 --- [           main] o.s.o.j.p.SpringPersistenceUnitInfo      : No LoadTimeWeaver setup: ignoring JPA class transformer
2025-07-06T00:06:35.431+03:00  INFO 14312 --- [           main] com.zaxxer.hikari.HikariDataSource       : HikariPool-1 - Starting...
2025-07-06T00:06:36.398+03:00  INFO 14312 --- [           main] com.zaxxer.hikari.pool.HikariPool        : HikariPool-1 - Added connection conn0: url=jdbc:h2:mem:testdb user=SA
2025-07-06T00:06:36.413+03:00  INFO 14312 --- [           main] com.zaxxer.hikari.HikariDataSource       : HikariPool-1 - Start completed.
2025-07-06T00:06:36.498+03:00  WARN 14312 --- [           main] org.hibernate.orm.deprecation            : HHH90000025: H2Dialect does not need to be specified explicitly using 'hibernate.dialect' (remove the property setting and it will be selected by default)
2025-07-06T00:06:39.383+03:00  INFO 14312 --- [           main] o.h.e.t.j.p.i.JtaPlatformInitiator       : HHH000489: No JTA platform available (set 'hibernate.transaction.jta.platform' to enable JTA platform integration)
Hibernate: 
    drop table if exists app_user cascade 
Hibernate: 
    drop table if exists assessment cascade 
Hibernate: 
    drop table if exists author cascade 
Hibernate: 
    drop table if exists course cascade 
Hibernate: 
    drop table if exists course_author cascade 
Hibernate: 
    drop table if exists rating cascade 
Hibernate: 
    create table app_user (
        id integer generated by default as identity,
        password varchar(255),
        role varchar(255),
        username varchar(255),
        primary key (id)
    )
Hibernate: 
    create table assessment (
        course_id integer unique,
        id integer generated by default as identity,
        content varchar(255),
        primary key (id)
    )
Hibernate: 
    create table author (
        birthdate date,
        id integer generated by default as identity,
        email varchar(255),
        name varchar(255),
        primary key (id)
    )
Hibernate: 
    create table course (
        credit integer not null,
        id integer generated by default as identity,
        description varchar(255),
        name varchar(255),
        primary key (id)
    )
Hibernate: 
    create table course_author (
        author_id integer not null,
        course_id integer not null,
        primary key (author_id, course_id)
    )
Hibernate: 
    create table rating (
        course_id integer,
        id integer generated by default as identity,
        number integer not null,
        primary key (id)
    )
Hibernate: 
    alter table if exists assessment 
       add constraint FKrd2iqvu852eg13sql0micl26a 
       foreign key (course_id) 
       references course
Hibernate: 
    alter table if exists course_author 
       add constraint FKlhkk0fto9ociwxhm5eoy33w2w 
       foreign key (author_id) 
       references author
Hibernate: 
    alter table if exists course_author 
       add constraint FK8pdcmqgujoxno58f4qo6rswr4 
       foreign key (course_id) 
       references course
Hibernate: 
    alter table if exists rating 
       add constraint FKrbuqjo7wyi9w281uaeupnk26m 
       foreign key (course_id) 
       references course
2025-07-06T00:06:39.521+03:00  INFO 14312 --- [           main] j.LocalContainerEntityManagerFactoryBean : Initialized JPA EntityManagerFactory for persistence unit 'default'
2025-07-06T00:06:40.839+03:00  WARN 14312 --- [           main] JpaBaseConfiguration$JpaWebConfiguration : spring.jpa.open-in-view is enabled by default. Therefore, database queries may be performed during view rendering. Explicitly configure spring.jpa.open-in-view to disable this warning
2025-07-06T00:06:41.792+03:00  INFO 14312 --- [           main] o.s.s.web.DefaultSecurityFilterChain     : Will secure any request with [org.springframework.security.web.session.DisableEncodeUrlFilter@2b883681, org.springframework.security.web.context.request.async.WebAsyncManagerIntegrationFilter@40a70de1, org.springframework.security.web.context.SecurityContextHolderFilter@15fdcd0e, org.springframework.security.web.header.HeaderWriterFilter@51fba518, org.springframework.web.filter.CorsFilter@23c3f94b, org.springframework.security.web.authentication.logout.LogoutFilter@fc5910a, com.example.courserecommender.security.ValidationReportFilter@56f809e5, org.springframework.security.web.authentication.www.BasicAuthenticationFilter@5257226b, org.springframework.security.web.savedrequest.RequestCacheAwareFilter@260f6aef, org.springframework.security.web.servletapi.SecurityContextHolderAwareRequestFilter@674038a9, org.springframework.security.web.authentication.AnonymousAuthenticationFilter@4c9c2dac, org.springframework.security.web.access.ExceptionTranslationFilter@111ddb71, org.springframework.security.web.access.intercept.AuthorizationFilter@4d9831e4]
2025-07-06T00:06:42.825+03:00  INFO 14312 --- [           main] o.s.b.t.m.w.SpringBootMockServletContext : Initializing Spring TestDispatcherServlet ''
2025-07-06T00:06:42.825+03:00  INFO 14312 --- [           main] o.s.t.web.servlet.TestDispatcherServlet  : Initializing Servlet ''
2025-07-06T00:06:42.825+03:00  INFO 14312 --- [           main] o.s.t.web.servlet.TestDispatcherServlet  : Completed initialization in 0 ms
2025-07-06T00:06:42.882+03:00  INFO 14312 --- [           main] c.e.c.i.AuthorControllerIntegrationTest  : Started AuthorControllerIntegrationTest in 12.913 seconds (process running for 14.798)
Hibernate: 
    insert 
    into
        app_user
        (password, role, username, id) 
    values
        (?, ?, ?, default)
Hibernate: 
    insert 
    into
        author
        (birthdate, email, name, id) 
    values
        (?, ?, ?, default)
Hibernate: 
    select
        a1_0.id,
        a1_0.birthdate,
        a1_0.email,
        a1_0.name 
    from
        author a1_0 
    where
        a1_0.email=?
]]></system-out>
    <system-err><![CDATA[WARNING: A Java agent has been loaded dynamically (C:\Users\azahra\.m2\repository\net\bytebuddy\byte-buddy-agent\1.14.13\byte-buddy-agent-1.14.13.jar)
WARNING: If a serviceability tool is in use, please run with -XX:+EnableDynamicAgentLoading to hide this warning
WARNING: If a serviceability tool is not in use, please run with -Djdk.instrument.traceUsage for more information
WARNING: Dynamic loading of agents will be disallowed by default in a future release
]]></system-err>
  </testcase>
  <testcase name="testUpdateAuthor_whenNotExists_returnsNotFound" classname="com.example.courserecommender.integration.AuthorControllerIntegrationTest" time="0.659">
    <system-out><![CDATA[Hibernate: 
    select
        count(*) 
    from
        author a1_0 
    where
        a1_0.id=?
]]></system-out>
  </testcase>
  <testcase name="testViewAuthor_whenExists_returnsOk" classname="com.example.courserecommender.integration.AuthorControllerIntegrationTest" time="0.018">
    <system-out><![CDATA[Hibernate: 
    insert 
    into
        author
        (birthdate, email, name, id) 
    values
        (?, ?, ?, default)
]]></system-out>
  </testcase>
  <testcase name="testDeleteAuthor_whenNotExists_returnsNotFound" classname="com.example.courserecommender.integration.AuthorControllerIntegrationTest" time="0.027">
    <system-out><![CDATA[Hibernate: 
    select
        count(*) 
    from
        author a1_0 
    where
        a1_0.id=?
]]></system-out>
  </testcase>
  <testcase name="testAddAuthor_whenInvalid_returnsBadRequest" classname="com.example.courserecommender.integration.AuthorControllerIntegrationTest" time="0.03"/>
  <testcase name="testGetAuthorByEmail_whenNotExists_returnsNotFound" classname="com.example.courserecommender.integration.AuthorControllerIntegrationTest" time="0.013">
    <system-out><![CDATA[Hibernate: 
    select
        a1_0.id,
        a1_0.birthdate,
        a1_0.email,
        a1_0.name 
    from
        author a1_0 
    where
        a1_0.email=?
]]></system-out>
  </testcase>
  <testcase name="testViewAuthor_whenNotExists_returnsNotFound" classname="com.example.courserecommender.integration.AuthorControllerIntegrationTest" time="0.022">
    <system-out><![CDATA[Hibernate: 
    select
        a1_0.id,
        a1_0.birthdate,
        a1_0.email,
        a1_0.name 
    from
        author a1_0 
    where
        a1_0.id=?
]]></system-out>
  </testcase>
  <testcase name="testUpdateAuthor_whenInvalid_returnsBadRequest" classname="com.example.courserecommender.integration.AuthorControllerIntegrationTest" time="0.016"/>
  <testcase name="testDeleteAuthor_whenExists_returnsNoContent" classname="com.example.courserecommender.integration.AuthorControllerIntegrationTest" time="0.046">
    <system-out><![CDATA[Hibernate: 
    insert 
    into
        author
        (birthdate, email, name, id) 
    values
        (?, ?, ?, default)
Hibernate: 
    select
        count(*) 
    from
        author a1_0 
    where
        a1_0.id=?
Hibernate: 
    delete 
    from
        author 
    where
        id=?
Hibernate: 
    select
        count(*) 
    from
        author a1_0 
    where
        a1_0.id=?
]]></system-out>
  </testcase>
  <testcase name="testUpdateAuthor_whenValid_returnsNoContent" classname="com.example.courserecommender.integration.AuthorControllerIntegrationTest" time="0.033">
    <system-out><![CDATA[Hibernate: 
    insert 
    into
        author
        (birthdate, email, name, id) 
    values
        (?, ?, ?, default)
Hibernate: 
    select
        count(*) 
    from
        author a1_0 
    where
        a1_0.id=?
]]></system-out>
  </testcase>
  <testcase name="testAddAuthor_whenValid_returnsCreated" classname="com.example.courserecommender.integration.AuthorControllerIntegrationTest" time="0.078">
    <system-out><![CDATA[Hibernate: 
    insert 
    into
        author
        (birthdate, email, name, id) 
    values
        (?, ?, ?, default)
Hibernate: 
    select
        a1_0.id,
        a1_0.birthdate,
        a1_0.email,
        a1_0.name 
    from
        author a1_0
]]></system-out>
  </testcase>
</testsuite>